<?xml version="1.0" encoding="UTF-8"?>
<!-- Generated by org.testng.reporters.JUnitXMLReporter -->
<testsuite hostname="Tarique-PC" name="Test" tests="2" failures="0" timestamp="1 Nov 2017 05:33:54 GMT" time="50.462" errors="0">
  <testcase name="@BeforeMethod beforemethod" time="0.0" classname="com.Test.ForgotPasswordTest">
    <failure type="java.lang.NullPointerException">
      <![CDATA[java.lang.NullPointerException
	at org.openqa.selenium.support.pagefactory.DefaultElementLocator.findElement(DefaultElementLocator.java:69)
	at org.openqa.selenium.support.pagefactory.internal.LocatingElementHandler.invoke(LocatingElementHandler.java:38)
	at com.sun.proxy.$Proxy10.click(Unknown Source)
	at com.Test.ForgotPasswordTest.beforemethod(ForgotPasswordTest.java:39)
... Removed 25 stack frames]]>
    </failure>
  </testcase> <!-- @BeforeMethod beforemethod -->
  <testcase name="@AfterMethod aftermethod" time="0.0" classname="com.Test.ForgotPasswordTest">
    <skipped/>
  </testcase> <!-- @AfterMethod aftermethod -->
  <testcase name="@AfterClass dismiss" time="0.0" classname="com.Test.ForgotPasswordTest">
    <skipped/>
  </testcase> <!-- @AfterClass dismiss -->
  <testcase name="@BeforeClass initializeBase" time="0.0" classname="com.Test.SignUpTest">
    <skipped/>
  </testcase> <!-- @BeforeClass initializeBase -->
  <testcase name="@BeforeClass beforeclass" time="0.0" classname="com.Test.SignUpTest">
    <skipped/>
  </testcase> <!-- @BeforeClass beforeclass -->
  <testcase name="@BeforeMethod beforetest" time="0.0" classname="com.Test.SignUpTest">
    <skipped/>
  </testcase> <!-- @BeforeMethod beforetest -->
  <testcase name="@AfterClass dismiss" time="0.0" classname="com.Test.SignUpTest">
    <skipped/>
  </testcase> <!-- @AfterClass dismiss -->
  <testcase name="enterinvalidEmail" time="0.0" classname="com.Test.ForgotPasswordTest">
    <skipped/>
  </testcase> <!-- enterinvalidEmail -->
  <testcase name="enterAlphaNumericFirstandLastNameSignUp" time="0.0" classname="com.Test.SignUpTest">
    <skipped/>
  </testcase> <!-- enterAlphaNumericFirstandLastNameSignUp -->
</testsuite> <!-- Test -->
