<?xml version="1.0" encoding="UTF-8"?>
<testng-results skipped="2" failed="0" total="2" passed="0">
  <reporter-output>
  </reporter-output>
  <suite name="Page Object test example" duration-ms="50462" started-at="2017-11-01T05:33:03Z" finished-at="2017-11-01T05:33:54Z">
    <groups>
    </groups>
    <test name="Test" duration-ms="50462" started-at="2017-11-01T05:33:03Z" finished-at="2017-11-01T05:33:54Z">
      <class name="com.Test.ForgotPasswordTest">
        <test-method status="PASS" signature="initializeBase(java.lang.String, java.lang.String)[pri:0, instance:com.Test.ForgotPasswordTest@6833ce2c]" name="initializeBase" is-config="true" duration-ms="47393" started-at="2017-11-01T11:03:03Z" finished-at="2017-11-01T11:03:51Z">
          <params>
            <param index="0">
              <value>
                <![CDATA[http://www.phptravels.net/login]]>
              </value>
            </param>
            <param index="1">
              <value>
                <![CDATA[FirefoxDriver]]>
              </value>
            </param>
          </params>
          <reporter-output>
          </reporter-output>
        </test-method> <!-- initializeBase -->
        <test-method status="PASS" signature="beforeTest()[pri:0, instance:com.Test.ForgotPasswordTest@6833ce2c]" name="beforeTest" is-config="true" duration-ms="1" started-at="2017-11-01T11:03:51Z" finished-at="2017-11-01T11:03:51Z">
          <reporter-output>
          </reporter-output>
        </test-method> <!-- beforeTest -->
        <test-method status="FAIL" signature="beforemethod()[pri:0, instance:com.Test.ForgotPasswordTest@6833ce2c]" name="beforemethod" is-config="true" duration-ms="0" started-at="2017-11-01T11:03:51Z" finished-at="2017-11-01T11:03:51Z">
          <exception class="java.lang.NullPointerException">
            <full-stacktrace>
              <![CDATA[java.lang.NullPointerException
	at org.openqa.selenium.support.pagefactory.DefaultElementLocator.findElement(DefaultElementLocator.java:69)
	at org.openqa.selenium.support.pagefactory.internal.LocatingElementHandler.invoke(LocatingElementHandler.java:38)
	at com.sun.proxy.$Proxy10.click(Unknown Source)
	at com.Test.ForgotPasswordTest.beforemethod(ForgotPasswordTest.java:39)
	at sun.reflect.NativeMethodAccessorImpl.invoke0(Native Method)
	at sun.reflect.NativeMethodAccessorImpl.invoke(NativeMethodAccessorImpl.java:62)
	at sun.reflect.DelegatingMethodAccessorImpl.invoke(DelegatingMethodAccessorImpl.java:43)
	at java.lang.reflect.Method.invoke(Method.java:498)
	at org.testng.internal.MethodInvocationHelper.invokeMethod(MethodInvocationHelper.java:85)
	at org.testng.internal.Invoker.invokeConfigurationMethod(Invoker.java:510)
	at org.testng.internal.Invoker.invokeConfigurations(Invoker.java:211)
	at org.testng.internal.Invoker.invokeMethod(Invoker.java:585)
	at org.testng.internal.Invoker.invokeTestMethod(Invoker.java:816)
	at org.testng.internal.Invoker.invokeTestMethods(Invoker.java:1124)
	at org.testng.internal.TestMethodWorker.invokeTestMethods(TestMethodWorker.java:125)
	at org.testng.internal.TestMethodWorker.run(TestMethodWorker.java:108)
	at org.testng.TestRunner.privateRun(TestRunner.java:774)
	at org.testng.TestRunner.run(TestRunner.java:624)
	at org.testng.SuiteRunner.runTest(SuiteRunner.java:359)
	at org.testng.SuiteRunner.runSequentially(SuiteRunner.java:354)
	at org.testng.SuiteRunner.privateRun(SuiteRunner.java:312)
	at org.testng.SuiteRunner.run(SuiteRunner.java:261)
	at org.testng.SuiteRunnerWorker.runSuite(SuiteRunnerWorker.java:52)
	at org.testng.SuiteRunnerWorker.run(SuiteRunnerWorker.java:86)
	at org.testng.TestNG.runSuitesSequentially(TestNG.java:1215)
	at org.testng.TestNG.runSuitesLocally(TestNG.java:1140)
	at org.testng.TestNG.run(TestNG.java:1048)
	at org.testng.TestNG.privateMain(TestNG.java:1355)
	at org.testng.TestNG.main(TestNG.java:1324)
]]>
            </full-stacktrace>
          </exception> <!-- java.lang.NullPointerException -->
          <reporter-output>
          </reporter-output>
        </test-method> <!-- beforemethod -->
        <test-method status="SKIP" signature="aftermethod(org.testng.ITestResult)[pri:0, instance:com.Test.ForgotPasswordTest@6833ce2c]" name="aftermethod" is-config="true" duration-ms="0" started-at="2017-11-01T11:03:54Z" finished-at="2017-11-01T11:03:54Z">
          <reporter-output>
          </reporter-output>
        </test-method> <!-- aftermethod -->
        <test-method status="SKIP" signature="enterinvalidEmail()[pri:2, instance:com.Test.ForgotPasswordTest@6833ce2c]" name="enterinvalidEmail" duration-ms="0" started-at="2017-11-01T11:03:54Z" finished-at="2017-11-01T11:03:54Z">
          <reporter-output>
          </reporter-output>
        </test-method> <!-- enterinvalidEmail -->
        <test-method status="SKIP" signature="dismiss()[pri:0, instance:com.Test.ForgotPasswordTest@6833ce2c]" name="dismiss" is-config="true" duration-ms="0" started-at="2017-11-01T11:03:54Z" finished-at="2017-11-01T11:03:54Z">
          <reporter-output>
          </reporter-output>
        </test-method> <!-- dismiss -->
      </class> <!-- com.Test.ForgotPasswordTest -->
      <class name="com.Test.SignUpTest">
        <test-method status="SKIP" signature="enterAlphaNumericFirstandLastNameSignUp()[pri:1, instance:com.Test.SignUpTest@725bef66]" name="enterAlphaNumericFirstandLastNameSignUp" duration-ms="0" started-at="2017-11-01T11:03:54Z" finished-at="2017-11-01T11:03:54Z">
          <reporter-output>
          </reporter-output>
        </test-method> <!-- enterAlphaNumericFirstandLastNameSignUp -->
        <test-method status="SKIP" signature="beforetest()[pri:0, instance:com.Test.SignUpTest@725bef66]" name="beforetest" is-config="true" duration-ms="0" started-at="2017-11-01T11:03:54Z" finished-at="2017-11-01T11:03:54Z">
          <reporter-output>
          </reporter-output>
        </test-method> <!-- beforetest -->
        <test-method status="SKIP" signature="beforeclass()[pri:0, instance:com.Test.SignUpTest@725bef66]" name="beforeclass" is-config="true" duration-ms="0" started-at="2017-11-01T11:03:54Z" finished-at="2017-11-01T11:03:54Z">
          <reporter-output>
          </reporter-output>
        </test-method> <!-- beforeclass -->
        <test-method status="SKIP" signature="dismiss()[pri:0, instance:com.Test.SignUpTest@725bef66]" name="dismiss" is-config="true" duration-ms="0" started-at="2017-11-01T11:03:54Z" finished-at="2017-11-01T11:03:54Z">
          <reporter-output>
          </reporter-output>
        </test-method> <!-- dismiss -->
        <test-method status="SKIP" signature="initializeBase(java.lang.String, java.lang.String)[pri:0, instance:com.Test.SignUpTest@725bef66]" name="initializeBase" is-config="true" duration-ms="0" started-at="2017-11-01T11:03:54Z" finished-at="2017-11-01T11:03:54Z">
          <reporter-output>
          </reporter-output>
        </test-method> <!-- initializeBase -->
      </class> <!-- com.Test.SignUpTest -->
    </test> <!-- Test -->
  </suite> <!-- Page Object test example -->
</testng-results>
